*** Using Compiler 'V5.06 update 5 (build 528)', folder: 'C:\Keil_v5\ARM\ARMCC\Bin'
Build target 'Cube_GPIO'
assembling startup_stm32h743xx.s...
compiling stm32h7xx_it.c...
compiling stm32h7xx_hal_msp.c...
compiling gpio.c...
compiling stm32h7xx_hal_tim.c...
compiling main.c...
compiling stm32h7xx_hal_gpio.c...
compiling stm32h7xx_hal_tim_ex.c...
compiling stm32h7xx_hal_cortex.c...
compiling stm32h7xx_hal_rcc.c...
compiling stm32h7xx_hal_hsem.c...
compiling stm32h7xx_hal_flash.c...
compiling stm32h7xx_hal_flash_ex.c...
compiling stm32h7xx_hal_rcc_ex.c...
compiling stm32h7xx_hal_exti.c...
compiling stm32h7xx_hal_mdma.c...
compiling stm32h7xx_hal_i2c_ex.c...
compiling system_stm32h7xx.c...
../Core/Src/system_stm32h7xx.c(280): warning:  #1-D: last line of file ends without a newline
  }
../Core/Src/system_stm32h7xx.c: 1 warning, 0 errors
compiling stm32h7xx_hal.c...
compiling stm32h7xx_hal_pwr.c...
compiling stm32h7xx_hal_i2c.c...
compiling stm32h7xx_hal_pwr_ex.c...
compiling stm32h7xx_hal_dma_ex.c...
compiling stm32h7xx_hal_dma.c...
linking...
Program Size: Code=4544 RO-data=712 RW-data=20 ZI-data=1636  
FromELF: creating hex file...
"Cube_GPIO\Cube_GPIO.axf" - 0 Error(s), 1 Warning(s).
Build Time Elapsed:  00:00:27
